<?xml version="1.0" encoding="UTF-8"?>
<!-- Generated by org.testng.reporters.JUnitReportReporter -->
<testsuite hostname="CPC-ShaikIrF-B1" failures="0" tests="5" name="com.test.user.Join_now_scenarios" time="52.921" errors="0" timestamp="2022-07-22T17:36:52 IST" skipped="0">
  <testcase classname="com.test.user.Join_now_scenarios" name="RUNALL" time="15.657"/>
  <system-out/>
  <testcase classname="com.test.user.Join_now_scenarios" name="RUNALL" time="5.953"/>
  <system-out/>
  <testcase classname="com.test.user.Join_now_scenarios" name="RUNALL" time="10.894"/>
  <system-out/>
  <testcase classname="com.test.user.Join_now_scenarios" name="RUNALL" time="10.148"/>
  <system-out/>
  <testcase classname="com.test.user.Join_now_scenarios" name="RUNALL" time="10.269"/>
  <system-out/>
</testsuite> <!-- com.test.user.Join_now_scenarios -->
