<?xml version="1.0" encoding="UTF-8"?>
<!-- Generated by org.testng.reporters.JUnitReportReporter -->
<testsuite hostname="CPC-ShaikIrF-B1" failures="0" tests="1" name="com.test.user.ClubStudio_scenarios" time="45.050" errors="0" timestamp="2023-10-18T19:16:18 IST" skipped="0">
  <testcase classname="com.test.user.ClubStudio_scenarios" name="RUNALL" time="45.050"/>
  <system-out/>
</testsuite> <!-- com.test.user.ClubStudio_scenarios -->
