<?xml version="1.0" encoding="UTF-8"?>
<!-- Generated by org.testng.reporters.JUnitReportReporter -->
<testsuite hostname="CPC-ShaikIrF-B1" failures="0" tests="1" name="com.test.user.Joinnow_CST_Scenarios" time="171.336" errors="0" timestamp="2023-06-20T15:48:42 IST" skipped="0">
  <testcase classname="com.test.user.Joinnow_CST_Scenarios" name="RUNALL" time="171.336"/>
  <system-out/>
</testsuite> <!-- com.test.user.Joinnow_CST_Scenarios -->
