<?xml version="1.0" encoding="UTF-8"?>
<!-- Generated by org.testng.reporters.JUnitReportReporter -->
<testsuite hostname="CPC-22001-1FDWB" failures="0" tests="3" name="com.test.user.All_scenarios" time="11.239" errors="0" timestamp="2024-01-24T22:43:55 IST" skipped="0">
  <testcase classname="com.test.user.All_scenarios" name="RUNALL" time="3.952"/>
  <system-out/>
  <testcase classname="com.test.user.All_scenarios" name="RUNALL" time="2.421"/>
  <system-out/>
  <testcase classname="com.test.user.All_scenarios" name="RUNALL" time="4.866"/>
  <system-out/>
</testsuite> <!-- com.test.user.All_scenarios -->
