<?xml version="1.0" encoding="UTF-8"?>
<!-- Generated by org.testng.reporters.JUnitReportReporter -->
<testsuite hostname="CPC-ShaikIrF-B1" failures="0" tests="2" name="com.test.user.Employment_scenarios" time="107.129" errors="1" timestamp="2023-10-11T23:46:18 IST" skipped="0">
  <testcase classname="com.test.user.Employment_scenarios" name="RUNALL" time="37.635">
    <error message="java.lang.AssertionError: Paragraph under Employment Application not validated expected [FITNESS INTERNATIONAL, LLC, INCLUDING IT&#039;S AFFILIATE LAF CANADA COMPANY, IS AN EQUAL OPPORTUNITY EMPLOYER WHO RECOGNIZES THE VALUE OF HAVING A DIVERSE WORKFORCE. WE SEEK AND ENCOURAGE QUALIFIED APPLICANTS REGARDLESS OF GENDER, ETHNICITY, RELIGION OR OTHER CULTURAL OR PHYSICAL CHARACTERISTICS, IN COMPLIANCE WITH PROVINCIAL, STATE AND FEDERAL LAW. MUST BE AT LEAST 18 YEARS OF AGE. FOR INDIVIDUALS WITH DISABILITIES, ACCOMMODATIONS ARE AVAILABLE UPON REQUEST. ONTARIO, CANADA APPLICANTS ARE ENCOURAGED TO REVIEW OUR AODA POLICY AT WWW.LAFITNESS.COM. CALIFORNIA APPLICANTS: FOR PURPOSES OF THE CALIFORNIA CONSUMER PRIVACY ACT, PLEASE SEE OUR CA APPLICANT PRIVACY NOTICE AND YOUR PRIVACY CHOICES.] but found [FITNESS INTERNATIONAL, LLC, INCLUDING IT&#039;S AFFILIATE LAF CANADA COMPANY, IS AN EQUAL OPPORTUNITY EMPLOYER WHO RECOGNIZES THE VALUE OF HAVING A DIVERSE WORKFORCE. WE SEEK AND ENCOURAGE QUALIFIED APPLICANTS REGARDLESS OF GENDER, ETHNICITY, RELIGION OR OTHER CULTURAL OR PHYSICAL CHARACTERISTICS, IN COMPLIANCE WITH PROVINCIAL, STATE AND FEDERAL LAW. MUST BE AT LEAST 18 YEARS OF AGE. FOR INDIVIDUALS WITH DISABILITIES, ACCOMMODATIONS ARE AVAILABLE UPON REQUEST. ONTARIO, CANADA APPLICANTS ARE ENCOURAGED TO REVIEW OUR AODA POLICY AT WWW.LAFITNESS.COM. CALIFORNIA APPLICANTS: FOR PURPOSES OF THE CALIFORNIA CONSUMER PRIVACY ACT, PLEASE SEE OUR NOTICE AT COLLECTION AND YOUR PRIVACY CHOICES.]
	at org.testng.Assert.fail(Assert.java:99)
	at org.testng.Assert.failNotEquals(Assert.java:1037)
	at org.testng.Assert.assertEqualsImpl(Assert.java:140)
	at org.testng.Assert.assertEquals(Assert.java:122)
	at org.testng.Assert.assertEquals(Assert.java:629)
	at com.pages.Employment.Validate_paragraph_under_emp_app_corp(Employment.java:2709)
	at com.test.user.Employment_scenarios.RUNALL(Employment_scenarios.java:647)
	at java.base/jdk.internal.reflect.DirectMethodHandleAccessor.invoke(DirectMethodHandleAccessor.java:104)
	at java.base/java.lang.reflect.Method.invoke(Method.java:577)
	at org.testng.internal.MethodInvocationHelper.invokeMethod(MethodInvocationHelper.java:133)
	at org.testng.internal.TestInvoker.invokeMethod(TestInvoker.java:598)
	at org.testng.internal.TestInvoker.invokeTestMethod(TestInvoker.java:173)
	at org.testng.internal.MethodRunner.runInSequence(MethodRunner.java:46)
	at org.testng.internal.TestInvoker$MethodInvocationAgent.invoke(TestInvoker.java:824)
	at org.testng.internal.TestInvoker.invokeTestMethods(TestInvoker.java:146)
	at org.testng.internal.TestMethodWorker.invokeTestMethods(TestMethodWorker.java:146)
	at org.testng.internal.TestMethodWorker.run(TestMethodWorker.java:128)
	at java.base/java.util.ArrayList.forEach(ArrayList.java:1511)
	at org.testng.TestRunner.privateRun(TestRunner.java:794)
	at org.testng.TestRunner.run(TestRunner.java:596)
	at org.testng.SuiteRunner.runTest(SuiteRunner.java:377)
	at org.testng.SuiteRunner.runSequentially(SuiteRunner.java:371)
	at org.testng.SuiteRunner.privateRun(SuiteRunner.java:332)
	at org.testng.SuiteRunner.run(SuiteRunner.java:276)
	at org.testng.SuiteRunnerWorker.runSuite(SuiteRunnerWorker.java:53)
	at org.testng.SuiteRunnerWorker.run(SuiteRunnerWorker.java:96)
	at org.testng.TestNG.runSuitesSequentially(TestNG.java:1212)
	at org.testng.TestNG.runSuitesLocally(TestNG.java:1134)
	at org.testng.TestNG.runSuites(TestNG.java:1063)
	at org.testng.TestNG.run(TestNG.java:1031)
	at org.testng.remote.AbstractRemoteTestNG.run(AbstractRemoteTestNG.java:115)
	at org.testng.remote.RemoteTestNG.initAndRun(RemoteTestNG.java:251)
	at org.testng.remote.RemoteTestNG.main(RemoteTestNG.java:77)
" type="java.lang.Exception">
      <![CDATA[java.lang.Exception: java.lang.AssertionError: Paragraph under Employment Application not validated expected [FITNESS INTERNATIONAL, LLC, INCLUDING IT'S AFFILIATE LAF CANADA COMPANY, IS AN EQUAL OPPORTUNITY EMPLOYER WHO RECOGNIZES THE VALUE OF HAVING A DIVERSE WORKFORCE. WE SEEK AND ENCOURAGE QUALIFIED APPLICANTS REGARDLESS OF GENDER, ETHNICITY, RELIGION OR OTHER CULTURAL OR PHYSICAL CHARACTERISTICS, IN COMPLIANCE WITH PROVINCIAL, STATE AND FEDERAL LAW. MUST BE AT LEAST 18 YEARS OF AGE. FOR INDIVIDUALS WITH DISABILITIES, ACCOMMODATIONS ARE AVAILABLE UPON REQUEST. ONTARIO, CANADA APPLICANTS ARE ENCOURAGED TO REVIEW OUR AODA POLICY AT WWW.LAFITNESS.COM. CALIFORNIA APPLICANTS: FOR PURPOSES OF THE CALIFORNIA CONSUMER PRIVACY ACT, PLEASE SEE OUR CA APPLICANT PRIVACY NOTICE AND YOUR PRIVACY CHOICES.] but found [FITNESS INTERNATIONAL, LLC, INCLUDING IT'S AFFILIATE LAF CANADA COMPANY, IS AN EQUAL OPPORTUNITY EMPLOYER WHO RECOGNIZES THE VALUE OF HAVING A DIVERSE WORKFORCE. WE SEEK AND ENCOURAGE QUALIFIED APPLICANTS REGARDLESS OF GENDER, ETHNICITY, RELIGION OR OTHER CULTURAL OR PHYSICAL CHARACTERISTICS, IN COMPLIANCE WITH PROVINCIAL, STATE AND FEDERAL LAW. MUST BE AT LEAST 18 YEARS OF AGE. FOR INDIVIDUALS WITH DISABILITIES, ACCOMMODATIONS ARE AVAILABLE UPON REQUEST. ONTARIO, CANADA APPLICANTS ARE ENCOURAGED TO REVIEW OUR AODA POLICY AT WWW.LAFITNESS.COM. CALIFORNIA APPLICANTS: FOR PURPOSES OF THE CALIFORNIA CONSUMER PRIVACY ACT, PLEASE SEE OUR NOTICE AT COLLECTION AND YOUR PRIVACY CHOICES.]
at org.testng.Assert.fail(Assert.java:99)
at org.testng.Assert.failNotEquals(Assert.java:1037)
at org.testng.Assert.assertEqualsImpl(Assert.java:140)
at org.testng.Assert.assertEquals(Assert.java:122)
at org.testng.Assert.assertEquals(Assert.java:629)
at com.pages.Employment.Validate_paragraph_under_emp_app_corp(Employment.java:2709)
at com.test.user.Employment_scenarios.RUNALL(Employment_scenarios.java:647)
at java.base/jdk.internal.reflect.DirectMethodHandleAccessor.invoke(DirectMethodHandleAccessor.java:104)
at java.base/java.lang.reflect.Method.invoke(Method.java:577)
at org.testng.internal.MethodInvocationHelper.invokeMethod(MethodInvocationHelper.java:133)
at org.testng.internal.TestInvoker.invokeMethod(TestInvoker.java:598)
at org.testng.internal.TestInvoker.invokeTestMethod(TestInvoker.java:173)
at org.testng.internal.MethodRunner.runInSequence(MethodRunner.java:46)
at org.testng.internal.TestInvoker$MethodInvocationAgent.invoke(TestInvoker.java:824)
at org.testng.internal.TestInvoker.invokeTestMethods(TestInvoker.java:146)
at org.testng.internal.TestMethodWorker.invokeTestMethods(TestMethodWorker.java:146)
at org.testng.internal.TestMethodWorker.run(TestMethodWorker.java:128)
at java.base/java.util.ArrayList.forEach(ArrayList.java:1511)
at org.testng.TestRunner.privateRun(TestRunner.java:794)
at org.testng.TestRunner.run(TestRunner.java:596)
at org.testng.SuiteRunner.runTest(SuiteRunner.java:377)
at org.testng.SuiteRunner.runSequentially(SuiteRunner.java:371)
at org.testng.SuiteRunner.privateRun(SuiteRunner.java:332)
at org.testng.SuiteRunner.run(SuiteRunner.java:276)
at org.testng.SuiteRunnerWorker.runSuite(SuiteRunnerWorker.java:53)
at org.testng.SuiteRunnerWorker.run(SuiteRunnerWorker.java:96)
at org.testng.TestNG.runSuitesSequentially(TestNG.java:1212)
at org.testng.TestNG.runSuitesLocally(TestNG.java:1134)
at org.testng.TestNG.runSuites(TestNG.java:1063)
at org.testng.TestNG.run(TestNG.java:1031)
at org.testng.remote.AbstractRemoteTestNG.run(AbstractRemoteTestNG.java:115)
at org.testng.remote.RemoteTestNG.initAndRun(RemoteTestNG.java:251)
at org.testng.remote.RemoteTestNG.main(RemoteTestNG.java:77)

at com.test.user.Employment_scenarios.RUNALL(Employment_scenarios.java:3123)
at java.base/jdk.internal.reflect.DirectMethodHandleAccessor.invoke(DirectMethodHandleAccessor.java:104)
at java.base/java.lang.reflect.Method.invoke(Method.java:577)
at org.testng.internal.MethodInvocationHelper.invokeMethod(MethodInvocationHelper.java:133)
at org.testng.internal.TestInvoker.invokeMethod(TestInvoker.java:598)
at org.testng.internal.TestInvoker.invokeTestMethod(TestInvoker.java:173)
at org.testng.internal.MethodRunner.runInSequence(MethodRunner.java:46)
at org.testng.internal.TestInvoker$MethodInvocationAgent.invoke(TestInvoker.java:824)
at org.testng.internal.TestInvoker.invokeTestMethods(TestInvoker.java:146)
at org.testng.internal.TestMethodWorker.invokeTestMethods(TestMethodWorker.java:146)
at org.testng.internal.TestMethodWorker.run(TestMethodWorker.java:128)
at java.base/java.util.ArrayList.forEach(ArrayList.java:1511)
at org.testng.TestRunner.privateRun(TestRunner.java:794)
at org.testng.TestRunner.run(TestRunner.java:596)
at org.testng.SuiteRunner.runTest(SuiteRunner.java:377)
at org.testng.SuiteRunner.runSequentially(SuiteRunner.java:371)
at org.testng.SuiteRunner.privateRun(SuiteRunner.java:332)
at org.testng.SuiteRunner.run(SuiteRunner.java:276)
at org.testng.SuiteRunnerWorker.runSuite(SuiteRunnerWorker.java:53)
at org.testng.SuiteRunnerWorker.run(SuiteRunnerWorker.java:96)
at org.testng.TestNG.runSuitesSequentially(TestNG.java:1212)
at org.testng.TestNG.runSuitesLocally(TestNG.java:1134)
at org.testng.TestNG.runSuites(TestNG.java:1063)
at org.testng.TestNG.run(TestNG.java:1031)
at org.testng.remote.AbstractRemoteTestNG.run(AbstractRemoteTestNG.java:115)
at org.testng.remote.RemoteTestNG.initAndRun(RemoteTestNG.java:251)
at org.testng.remote.RemoteTestNG.main(RemoteTestNG.java:77)
]]>
    </error>
  </testcase> <!-- RUNALL -->
  <system-out/>
  <testcase classname="com.test.user.Employment_scenarios" name="RUNALL" time="69.494"/>
  <system-out/>
</testsuite> <!-- com.test.user.Employment_scenarios -->
