<?xml version="1.0" encoding="UTF-8"?>
<!-- Generated by org.testng.reporters.JUnitReportReporter -->
<testsuite hostname="CPC-ShaikIrF-B1" failures="0" tests="1" name="com.test.user.Career_Opportunities_CSC_scenarios" time="22.442" errors="0" timestamp="2023-08-16T15:02:55 IST" skipped="0">
  <testcase classname="com.test.user.Career_Opportunities_CSC_scenarios" name="RUNALL" time="22.442"/>
</testsuite> <!-- com.test.user.Career_Opportunities_CSC_scenarios -->
