<?xml version="1.0" encoding="UTF-8"?>
<!-- Generated by org.testng.reporters.JUnitReportReporter -->
<testsuite hostname="CPC-22001-1FDWB" failures="0" tests="6" name="com.test.user.All_scenarios" time="11.228" errors="0" timestamp="2024-01-30T14:47:20 IST" skipped="0">
  <testcase classname="com.test.user.All_scenarios" name="CheckGoogleSearchBox" time="0.005"/>
  <system-out/>
  <testcase classname="com.test.user.All_scenarios" name="CheckGoogleURL" time="0.002"/>
  <system-out/>
  <testcase classname="com.test.user.All_scenarios" name="RUNALL" time="4.724"/>
  <system-out/>
  <testcase classname="com.test.user.All_scenarios" name="CheckGoogleSearchButton" time="0.002"/>
  <system-out/>
  <testcase classname="com.test.user.All_scenarios" name="RUNALL" time="3.973"/>
  <system-out/>
  <testcase classname="com.test.user.All_scenarios" name="RUNALL" time="2.522"/>
  <system-out/>
</testsuite> <!-- com.test.user.All_scenarios -->
