<?xml version="1.0" encoding="UTF-8"?>
<!-- Generated by org.testng.reporters.JUnitReportReporter -->
<testsuite hostname="CPC-22001-1FDWB" failures="0" tests="6" name="com.test.user.All_scenarios" time="48.928" errors="0" timestamp="2024-01-31T10:51:36 IST" skipped="0">
  <testcase classname="com.test.user.All_scenarios" name="RUNALL" time="5.505"/>
  <system-out/>
  <testcase classname="com.test.user.All_scenarios" name="CheckGoogleURL" time="0.002"/>
  <system-out/>
  <testcase classname="com.test.user.All_scenarios" name="RUNALL" time="9.287"/>
  <system-out/>
  <testcase classname="com.test.user.All_scenarios" name="CheckGoogleSearchButton" time="0.004"/>
  <system-out/>
  <testcase classname="com.test.user.All_scenarios" name="RUNALL" time="34.125"/>
  <system-out/>
  <testcase classname="com.test.user.All_scenarios" name="CheckGoogleSearchBox" time="0.005"/>
  <system-out/>
</testsuite> <!-- com.test.user.All_scenarios -->
