<?xml version="1.0" encoding="UTF-8"?>
<!-- Generated by org.testng.reporters.JUnitReportReporter -->
<testsuite hostname="CPC-Lingraj5-1U" failures="0" tests="1" name="com.test.user.ClubStudio_scenarios" time="104.170" errors="0" timestamp="2023-09-28T22:12:51 IST" skipped="0">
  <testcase classname="com.test.user.ClubStudio_scenarios" name="RUNALL" time="104.170"/>
  <system-out/>
</testsuite> <!-- com.test.user.ClubStudio_scenarios -->
