<?xml version="1.0" encoding="UTF-8"?>
<!-- Generated by org.testng.reporters.JUnitReportReporter -->
<testsuite hostname="CPC-ShaikIrF-B1" failures="0" tests="1" name="com.test.user.ClubStudio_scenarios_3" time="40.563" errors="0" timestamp="2023-12-07T22:14:09 IST" skipped="0">
  <testcase classname="com.test.user.ClubStudio_scenarios_3" name="RUNALL" time="40.563"/>
  <system-out/>
</testsuite> <!-- com.test.user.ClubStudio_scenarios_3 -->
