<?xml version="1.0" encoding="UTF-8"?>
<!-- Generated by org.testng.reporters.JUnitReportReporter -->
<testsuite hostname="CPC-22001-1FDWB" failures="0" tests="10" name="com.test.user.ClubStudio_scenarios_1" time="191.094" errors="0" timestamp="2024-01-24T13:30:34 IST" skipped="0">
  <testcase classname="com.test.user.ClubStudio_scenarios_1" name="RUNALL" time="19.093"/>
  <system-out/>
  <testcase classname="com.test.user.ClubStudio_scenarios_1" name="RUNALL" time="14.714"/>
  <system-out/>
  <testcase classname="com.test.user.ClubStudio_scenarios_1" name="RUNALL" time="20.640"/>
  <system-out/>
  <testcase classname="com.test.user.ClubStudio_scenarios_1" name="RUNALL" time="19.054"/>
  <system-out/>
  <testcase classname="com.test.user.ClubStudio_scenarios_1" name="RUNALL" time="18.955"/>
  <system-out/>
  <testcase classname="com.test.user.ClubStudio_scenarios_1" name="RUNALL" time="18.978"/>
  <system-out/>
  <testcase classname="com.test.user.ClubStudio_scenarios_1" name="RUNALL" time="22.304"/>
  <system-out/>
  <testcase classname="com.test.user.ClubStudio_scenarios_1" name="RUNALL" time="19.327"/>
  <system-out/>
  <testcase classname="com.test.user.ClubStudio_scenarios_1" name="RUNALL" time="19.052"/>
  <system-out/>
  <testcase classname="com.test.user.ClubStudio_scenarios_1" name="RUNALL" time="18.977"/>
  <system-out/>
</testsuite> <!-- com.test.user.ClubStudio_scenarios_1 -->
