<?xml version="1.0" encoding="UTF-8"?>
<!-- Generated by org.testng.reporters.JUnitReportReporter -->
<testsuite hostname="CPC-ShaikIrF-B1" failures="0" tests="1" name="com.test.user.Responsive_scenarios" time="0.000" errors="0" timestamp="2023-03-15T15:31:20 IST" skipped="1">
  <testcase classname="com.test.user.Responsive_scenarios" name="RUNALL" time="0.000">
    <skipped/>
  </testcase> <!-- RUNALL -->
  <system-out/>
</testsuite> <!-- com.test.user.Responsive_scenarios -->
