<?xml version="1.0" encoding="UTF-8"?>
<!-- Generated by org.testng.reporters.JUnitReportReporter -->
<testsuite hostname="CPC-22001-1FDWB" failures="0" tests="3" name="com.test.user.All_scenarios" time="12.544" errors="0" timestamp="2024-01-24T22:28:31 IST" skipped="0">
  <testcase classname="com.test.user.All_scenarios" name="RUNALL" time="5.302"/>
  <system-out/>
  <testcase classname="com.test.user.All_scenarios" name="RUNALL" time="2.457"/>
  <system-out/>
  <testcase classname="com.test.user.All_scenarios" name="RUNALL" time="4.785"/>
  <system-out/>
</testsuite> <!-- com.test.user.All_scenarios -->
