<?xml version="1.0" encoding="UTF-8"?>
<!-- Generated by org.testng.reporters.JUnitReportReporter -->
<testsuite hostname="CPC-22001-1FDWB" failures="0" tests="3" name="com.test.user.All_scenarios" time="15.499" errors="0" timestamp="2024-01-24T20:34:20 IST" skipped="0">
  <testcase classname="com.test.user.All_scenarios" name="RUNALL" time="6.541"/>
  <system-out/>
  <testcase classname="com.test.user.All_scenarios" name="RUNALL" time="3.048"/>
  <system-out/>
  <testcase classname="com.test.user.All_scenarios" name="RUNALL" time="5.910"/>
  <system-out/>
</testsuite> <!-- com.test.user.All_scenarios -->
