<?xml version="1.0" encoding="UTF-8"?>
<!-- Generated by org.testng.reporters.JUnitReportReporter -->
<testsuite hostname="CPC-22001-1FDWB" failures="0" tests="6" name="com.test.user.All_scenarios" time="18.269" errors="0" timestamp="2024-01-31T10:29:25 IST" skipped="0">
  <testcase classname="com.test.user.All_scenarios" name="RUNALL" time="5.403"/>
  <system-out/>
  <testcase classname="com.test.user.All_scenarios" name="RUNALL" time="8.167"/>
  <system-out/>
  <testcase classname="com.test.user.All_scenarios" name="CheckGoogleSearchBox" time="0.004"/>
  <system-out/>
  <testcase classname="com.test.user.All_scenarios" name="RUNALL" time="4.693"/>
  <system-out/>
  <testcase classname="com.test.user.All_scenarios" name="CheckGoogleSearchButton" time="0.001"/>
  <system-out/>
  <testcase classname="com.test.user.All_scenarios" name="CheckGoogleURL" time="0.001"/>
  <system-out/>
</testsuite> <!-- com.test.user.All_scenarios -->
