<?xml version="1.0" encoding="UTF-8"?>
<!-- Generated by org.testng.reporters.JUnitReportReporter -->
<testsuite hostname="CPC-Kajol-MXOVO" failures="0" tests="3" name="com.test.user.All_scenarios" time="11.494" errors="0" timestamp="2024-01-24T04:19:20 PST" skipped="0">
  <testcase classname="com.test.user.All_scenarios" name="RUNALL" time="2.666"/>
  <system-out/>
  <testcase classname="com.test.user.All_scenarios" name="RUNALL" time="3.541"/>
  <system-out/>
  <testcase classname="com.test.user.All_scenarios" name="RUNALL" time="5.287"/>
  <system-out/>
</testsuite> <!-- com.test.user.All_scenarios -->
