<?xml version="1.0" encoding="UTF-8"?>
<!-- Generated by org.testng.reporters.JUnitReportReporter -->
<testsuite hostname="CPC-ShaikIrF-B1" failures="0" tests="1" name="com.test.user.ClubStudio_scenarios_1" time="54.837" errors="0" timestamp="2023-09-14T21:50:59 IST" skipped="0">
  <testcase classname="com.test.user.ClubStudio_scenarios_1" name="RUNALL" time="54.837"/>
</testsuite> <!-- com.test.user.ClubStudio_scenarios_1 -->
