<?xml version="1.0" encoding="UTF-8"?>
<!-- Generated by org.testng.reporters.JUnitReportReporter -->
<testsuite hostname="CPC-Lingraj5-1U" failures="0" tests="1" name="com.test.user.Career_Opportunities_ESP_scenarios2" time="61.584" errors="0" timestamp="2024-01-04T17:49:19 IST" skipped="0">
  <testcase classname="com.test.user.Career_Opportunities_ESP_scenarios2" name="RUNALL" time="61.584"/>
  <system-out/>
</testsuite> <!-- com.test.user.Career_Opportunities_ESP_scenarios2 -->
