<?xml version="1.0" encoding="UTF-8"?>
<!-- Generated by org.testng.reporters.JUnitReportReporter -->
<testsuite hostname="CPC-ShaikIrF-B1" failures="0" tests="2" name="com.test.user.Career_Opportunities_CSC_scenarios" time="113.764" errors="0" timestamp="2023-10-26T13:31:11 IST" skipped="0">
  <testcase classname="com.test.user.Career_Opportunities_CSC_scenarios" name="RUNALL" time="58.820"/>
  <system-out/>
  <testcase classname="com.test.user.Career_Opportunities_CSC_scenarios" name="RUNALL" time="54.944"/>
  <system-out/>
</testsuite> <!-- com.test.user.Career_Opportunities_CSC_scenarios -->
