<?xml version="1.0" encoding="UTF-8"?>
<!-- Generated by org.testng.reporters.JUnitReportReporter -->
<testsuite hostname="CPC-22001-1FDWB" failures="0" tests="1" name="com.test.user.Career_Opportunities_ESP_scenarios" time="69.116" errors="0" timestamp="2024-01-18T16:20:39 IST" skipped="0">
  <testcase classname="com.test.user.Career_Opportunities_ESP_scenarios" name="RUNALL" time="69.116"/>
  <system-out/>
</testsuite> <!-- com.test.user.Career_Opportunities_ESP_scenarios -->
