<?xml version="1.0" encoding="UTF-8"?>
<!-- Generated by org.testng.reporters.JUnitReportReporter -->
<testsuite hostname="CPC-22001-1FDWB" failures="0" tests="3" name="com.test.user.All_scenarios" time="18.723" errors="0" timestamp="2024-01-25T12:18:47 IST" skipped="0">
  <testcase classname="com.test.user.All_scenarios" name="RUNALL" time="4.899"/>
  <system-out/>
  <testcase classname="com.test.user.All_scenarios" name="RUNALL" time="9.897"/>
  <system-out/>
  <testcase classname="com.test.user.All_scenarios" name="RUNALL" time="3.927"/>
  <system-out/>
</testsuite> <!-- com.test.user.All_scenarios -->
