<?xml version="1.0" encoding="UTF-8"?>
<!-- Generated by org.testng.reporters.JUnitReportReporter -->
<testsuite hostname="CPC-ShaikIrF-B1" failures="0" tests="1" name="com.test.user.Locations_scenarios" time="10.737" errors="0" timestamp="2023-10-25T20:58:04 IST" skipped="0">
  <testcase classname="com.test.user.Locations_scenarios" name="RUNALL" time="10.737"/>
  <system-out/>
</testsuite> <!-- com.test.user.Locations_scenarios -->
