<?xml version="1.0" encoding="UTF-8"?>
<!-- Generated by org.testng.reporters.JUnitReportReporter -->
<testsuite hostname="CPC-22001-1FDWB" failures="0" tests="3" name="com.test.user.All_scenarios" time="15.507" errors="0" timestamp="2024-01-24T22:01:24 IST" skipped="0">
  <testcase classname="com.test.user.All_scenarios" name="RUNALL" time="4.098"/>
  <system-out/>
  <testcase classname="com.test.user.All_scenarios" name="RUNALL" time="8.499"/>
  <system-out/>
  <testcase classname="com.test.user.All_scenarios" name="RUNALL" time="2.910"/>
  <system-out/>
</testsuite> <!-- com.test.user.All_scenarios -->
