<?xml version="1.0" encoding="UTF-8"?>
<!-- Generated by org.testng.reporters.JUnitReportReporter -->
<testsuite hostname="CPC-22001-1FDWB" failures="0" tests="3" name="com.test.user.All_scenarios" time="21.037" errors="0" timestamp="2024-02-26T17:24:52 IST" skipped="0">
  <testcase classname="com.test.user.All_scenarios" name="RUNALL" time="4.695"/>
  <system-out/>
  <testcase classname="com.test.user.All_scenarios" name="RUNALL" time="9.946"/>
  <system-out/>
  <testcase classname="com.test.user.All_scenarios" name="RUNALL" time="6.396"/>
  <system-out/>
</testsuite> <!-- com.test.user.All_scenarios -->
