<?xml version="1.0" encoding="UTF-8"?>
<!-- Generated by org.testng.reporters.JUnitReportReporter -->
<testsuite hostname="CPC-ShaikIrF-B1" failures="0" tests="4" name="com.test.user.AllScenarios" time="19.680" errors="0" timestamp="2022-06-28T12:35:55 IST" skipped="0">
  <testcase classname="com.test.user.AllScenarios" name="RUNALL" time="5.978"/>
  <system-out/>
  <testcase classname="com.test.user.AllScenarios" name="RUNALL" time="4.860"/>
  <system-out/>
  <testcase classname="com.test.user.AllScenarios" name="RUNALL" time="4.777"/>
  <system-out/>
  <testcase classname="com.test.user.AllScenarios" name="RUNALL" time="4.065"/>
  <system-out/>
</testsuite> <!-- com.test.user.AllScenarios -->
