<?xml version="1.0" encoding="UTF-8"?>
<!-- Generated by org.testng.reporters.JUnitReportReporter -->
<testsuite hostname="CPC-ShaikIrF-B1" failures="0" tests="1" name="com.test.user.CareerOpportunities_scenarios" time="68.602" errors="0" timestamp="2023-04-13T15:27:56 IST" skipped="0">
  <testcase classname="com.test.user.CareerOpportunities_scenarios" name="RUNALL" time="68.602"/>
  <system-out/>
</testsuite> <!-- com.test.user.CareerOpportunities_scenarios -->
