<?xml version="1.0" encoding="UTF-8"?>
<!-- Generated by org.testng.reporters.JUnitReportReporter -->
<testsuite hostname="CPC-22001-1FDWB" failures="0" tests="6" name="com.test.user.All_scenarios" time="12.096" errors="0" timestamp="2024-01-30T18:14:55 IST" skipped="0">
  <testcase classname="com.test.user.All_scenarios" name="CheckGoogleSearchButton" time="0.013"/>
  <system-out/>
  <testcase classname="com.test.user.All_scenarios" name="RUNALL" time="4.900"/>
  <system-out/>
  <testcase classname="com.test.user.All_scenarios" name="RUNALL" time="4.582"/>
  <system-out/>
  <testcase classname="com.test.user.All_scenarios" name="CheckGoogleSearchBox" time="0.004"/>
  <system-out/>
  <testcase classname="com.test.user.All_scenarios" name="CheckGoogleURL" time="0.004"/>
  <system-out/>
  <testcase classname="com.test.user.All_scenarios" name="RUNALL" time="2.593"/>
  <system-out/>
</testsuite> <!-- com.test.user.All_scenarios -->
