<?xml version="1.0" encoding="UTF-8"?>
<!-- Generated by org.testng.reporters.JUnitReportReporter -->
<testsuite hostname="CPC-ShaikIrF-B1" failures="0" tests="1" name="com.test.user.ClubStudio_scenarios_2" time="93.052" errors="0" timestamp="2023-12-07T22:08:44 IST" skipped="0">
  <testcase classname="com.test.user.ClubStudio_scenarios_2" name="RUNALL" time="93.052"/>
  <system-out/>
</testsuite> <!-- com.test.user.ClubStudio_scenarios_2 -->
