<?xml version="1.0" encoding="UTF-8"?>
<!-- Generated by org.testng.reporters.JUnitReportReporter -->
<testsuite hostname="CPC-ShaikIrF-B1" failures="0" tests="15" name="com.test.user.Join_now_scenarios" time="67.054" errors="0" timestamp="2022-07-07T18:44:58 IST" skipped="0">
  <testcase classname="com.test.user.Join_now_scenarios" name="RUNALL" time="16.947"/>
  <system-out/>
  <testcase classname="com.test.user.Join_now_scenarios" name="RUNALL" time="0.000"/>
  <system-out/>
  <testcase classname="com.test.user.Join_now_scenarios" name="RUNALL" time="0.000"/>
  <system-out/>
  <testcase classname="com.test.user.Join_now_scenarios" name="RUNALL" time="0.000"/>
  <system-out/>
  <testcase classname="com.test.user.Join_now_scenarios" name="RUNALL" time="0.001"/>
  <system-out/>
  <testcase classname="com.test.user.Join_now_scenarios" name="RUNALL" time="0.000"/>
  <system-out/>
  <testcase classname="com.test.user.Join_now_scenarios" name="RUNALL" time="50.100"/>
  <system-out/>
  <testcase classname="com.test.user.Join_now_scenarios" name="RUNALL" time="0.001"/>
  <system-out/>
  <testcase classname="com.test.user.Join_now_scenarios" name="RUNALL" time="0.000"/>
  <system-out/>
  <testcase classname="com.test.user.Join_now_scenarios" name="RUNALL" time="0.000"/>
  <system-out/>
  <testcase classname="com.test.user.Join_now_scenarios" name="RUNALL" time="0.000"/>
  <system-out/>
  <testcase classname="com.test.user.Join_now_scenarios" name="RUNALL" time="0.001"/>
  <system-out/>
  <testcase classname="com.test.user.Join_now_scenarios" name="RUNALL" time="0.001"/>
  <system-out/>
  <testcase classname="com.test.user.Join_now_scenarios" name="RUNALL" time="0.002"/>
  <system-out/>
  <testcase classname="com.test.user.Join_now_scenarios" name="RUNALL" time="0.001"/>
  <system-out/>
</testsuite> <!-- com.test.user.Join_now_scenarios -->
