<?xml version="1.0" encoding="UTF-8"?>
<!-- Generated by org.testng.reporters.JUnitReportReporter -->
<testsuite hostname="CPC-22001-1FDWB" failures="0" tests="1" name="com.test.user.Career_Opportunities_ESP_scenarios" time="55.774" errors="0" timestamp="2024-01-16T18:19:15 IST" skipped="0">
  <testcase classname="com.test.user.Career_Opportunities_ESP_scenarios" name="RUNALL" time="55.774"/>
</testsuite> <!-- com.test.user.Career_Opportunities_ESP_scenarios -->
